<?xml version="1.0" encoding="UTF-8"?>
<testsuite xmlns:xsi="http://www.w3.org/2001/XMLSchema-instance" xsi:schemaLocation="https://maven.apache.org/surefire/maven-surefire-plugin/xsd/surefire-test-report.xsd" name="dao.DVDLibraryDaoFileImplTest" time="0.049" tests="3" errors="0" skipped="0" failures="0">
  <properties>
[...]
</properties>
  <testcase name="testAddSearchListInfoDVD" classname="dao.DVDLibraryDaoFileImplTest" time="0.031"/>
  <testcase name="testDeleteDVD" classname="dao.DVDLibraryDaoFileImplTest" time="0.005"/>
  <testcase name="testAddGetAllDVDS" classname="dao.DVDLibraryDaoFileImplTest" time="0.003"/>
</testsuite>